Starting Nmap 7.80 ( https://nmap.org ) at 2020-04-14 22:21 CST
--------------- Timing report ---------------
  hostgroups: min 1, max 100000
  rtt-timeouts: init 1000, min 100, max 10000
  max-scan-delay: TCP 1000, UDP 1000, SCTP 1000
  parallelism: min 0, max 0
  max-retries: 10, host-timeout: 0
  min-rate: 0, max-rate: 0
---------------------------------------------
Packet capture filter (device wlp3s0): dst host 192.168.0.103 and (icmp or icmp6 or ((tcp or udp or sctp) and (src host 39.106.185.26)))
We got a ping packet back from 39.106.185.26: id = 13468 seq = 0 checksum = 52067
Overall sending rates: 74.46 packets / s, 2829.43 bytes / s.
mass_rdns: Using DNS server 192.168.1.1
mass_rdns: Using DNS server 192.168.0.1
mass_rdns: 4.82s 0/1 [#: 2, OK: 0, NX: 0, DR: 0, SF: 0, TR: 2]
DNS resolution of 1 IPs took 4.82s. Mode: Async [#: 2, OK: 0, NX: 1, DR: 0, SF: 0, TR: 2, CN: 0]
Packet capture filter (device wlp3s0): dst host 192.168.0.103 and (icmp or icmp6 or ((tcp or udp or sctp) and (src host 39.106.185.26)))
Overall sending rates: 17.35 packets / s, 763.41 bytes / s.
Packet capture filter (device wlp3s0): dst host 192.168.0.103 and (icmp or (tcp and (src host 39.106.185.26)))
OS detection timingRatio() == (1586874078.732 - 1586874078.231) * 1000 / 500 == 1.000
OS detection timingRatio() == (1586874081.154 - 1586874080.653) * 1000 / 500 == 1.002
Nmap scan report for 39.106.185.26
Host is up (0.027s latency).
Scanned at 2020-04-14 22:21:13 CST for 9s

PORT   STATE SERVICE
80/tcp open  http
Warning: OSScan results may be unreliable because we could not find at least 1 open and 1 closed port
Device type: general purpose
Running (JUST GUESSING): Linux 3.X|4.X|2.6.X (91%)
OS CPE: cpe:/o:linux:linux_kernel:3 cpe:/o:linux:linux_kernel:4 cpe:/o:linux:linux_kernel:2.6
OS fingerprint not ideal because: Missing a closed TCP port so results incomplete
Aggressive OS guesses: Linux 3.11 - 4.1 (91%), Linux 4.4 (91%), Linux 3.2.0 (90%), Linux 3.13 (88%), Linux 3.16 (88%), Linux 2.6.18 - 2.6.22 (86%), Linux 3.10 - 3.16 (86%), Linux 3.10 - 4.11 (85%), Linux 3.12 (85%), Linux 3.13 or 4.2 (85%)
No exact OS matches for host (test conditions non-ideal).
TCP/IP fingerprint:
SCAN(V=7.80%E=4%D=4/14%OT=80%CT=%CU=%PV=N%G=N%TM=5E95C6E2%P=x86_64-unknown-linux-gnu)
SEQ(SP=106%GCD=1%ISR=109%TI=Z%II=I%TS=8)
OPS(O1=M5A4ST11NW7%O2=M5A4ST11NW7%O3=M5A4NNT11NW7%O4=M5A4ST11NW7%O5=M5A4ST11NW7%O6=M5A4ST11)
WIN(W1=7120%W2=7120%W3=7120%W4=7120%W5=7120%W6=7120)
ECN(R=Y%DF=Y%TG=40%W=7210%O=M5A4NNSNW7%CC=Y%Q=)
T1(R=Y%DF=Y%TG=40%S=O%A=S+%F=AS%RD=0%Q=)
T2(R=N)
T3(R=N)
T4(R=N)
U1(R=N)
IE(R=Y%DFI=N%TG=40%CD=S)

Final times for host: srtt: 26993 rttvar: 1545  to: 100000

Read from /usr/bin/../share/nmap: nmap-os-db nmap-payloads nmap-services.
OS detection performed. Please report any incorrect results at https://nmap.org/submit/ .
Nmap done: 1 IP address (1 host up) scanned in 9.17 seconds
